[2021-09-30 10:51:47] Stock sync disabled in plugin settings
[2021-09-30 10:54:51] Stock sync disabled in plugin settings
[2021-09-30 10:58:47] Stock sync disabled in plugin settings
[2021-09-30 11:03:52] Stock sync disabled in plugin settings
[2021-09-30 11:09:55] Stock sync disabled in plugin settings
[2021-09-30 11:19:43] Stock sync disabled in plugin settings
[2021-09-30 11:25:34] Stock sync disabled in plugin settings
[2021-09-30 11:28:52] Stock sync disabled in plugin settings
[2021-09-30 11:46:08] Stock sync disabled in plugin settings
[2021-09-30 12:14:08] Stock sync disabled in plugin settings
[2021-09-30 12:45:30] Stock sync disabled in plugin settings
[2021-09-30 12:49:04] Stock sync disabled in plugin settings
[2021-09-30 13:04:04] Stock sync disabled in plugin settings
[2021-09-30 13:12:36] Stock sync disabled in plugin settings
[2021-09-30 13:22:44] Stock sync disabled in plugin settings
[2021-09-30 13:37:27] Stock sync disabled in plugin settings
[2021-09-30 13:38:49] Stock sync disabled in plugin settings
[2021-09-30 13:44:22] Stock sync disabled in plugin settings
[2021-09-30 14:21:32] Stock sync disabled in plugin settings
[2021-09-30 14:42:49] Stock sync disabled in plugin settings
[2021-09-30 14:51:09] Stock sync disabled in plugin settings
[2021-09-30 14:54:02] Stock sync disabled in plugin settings
[2021-09-30 14:58:48] Stock sync disabled in plugin settings
[2021-09-30 15:04:51] Stock sync disabled in plugin settings
[2021-09-30 15:08:51] Stock sync disabled in plugin settings
[2021-09-30 15:13:57] Stock sync disabled in plugin settings
[2021-09-30 15:20:40] Stock sync disabled in plugin settings
[2021-09-30 15:25:12] Stock sync disabled in plugin settings
[2021-09-30 15:28:44] Stock sync disabled in plugin settings
[2021-09-30 15:36:37] Stock sync disabled in plugin settings
[2021-09-30 15:39:59] Stock sync disabled in plugin settings
[2021-09-30 15:44:01] Stock sync disabled in plugin settings
[2021-09-30 15:48:48] Stock sync disabled in plugin settings
[2021-09-30 15:53:53] Stock sync disabled in plugin settings
[2021-09-30 15:59:06] Stock sync disabled in plugin settings
[2021-09-30 16:03:58] Stock sync disabled in plugin settings
[2021-09-30 16:09:42] Stock sync disabled in plugin settings
[2021-09-30 16:15:05] Stock sync disabled in plugin settings
[2021-09-30 16:19:05] Stock sync disabled in plugin settings
[2021-09-30 16:24:27] Stock sync disabled in plugin settings
[2021-09-30 16:37:42] Stock sync disabled in plugin settings
[2021-09-30 16:39:39] Stock sync disabled in plugin settings
[2021-09-30 16:53:28] A iniciar a sincronização de stocks automática...
[2021-09-30 16:53:28] A sincronizar artigos desde 2021-09-30 16:39:39
[2021-09-30 16:53:28] {"company_id":"139613","lastmodified":"2021-09-30 16:39:39","offset":0}
[2021-09-30 16:53:28] Sem artigos para atualizar desde 2021-09-30 16:39:39
[2021-09-30 16:54:00] A iniciar a sincronização de stocks automática...
[2021-09-30 16:54:00] A sincronizar artigos desde 2021-09-30 16:53:28
[2021-09-30 16:54:00] {"company_id":"139613","lastmodified":"2021-09-30 16:53:28","offset":0}
[2021-09-30 16:54:00] Sem artigos para atualizar desde 2021-09-30 16:53:28
[2021-09-30 16:59:09] A iniciar a sincronização de stocks automática...
[2021-09-30 16:59:09] A sincronizar artigos desde 2021-09-30 16:54:00
[2021-09-30 16:59:09] {"company_id":"139613","lastmodified":"2021-09-30 16:54:00","offset":0}
[2021-09-30 16:59:09] Sem artigos para atualizar desde 2021-09-30 16:54:00
[2021-09-30 17:05:13] A iniciar a sincronização de stocks automática...
[2021-09-30 17:05:13] A sincronizar artigos desde 2021-09-30 16:59:09
[2021-09-30 17:05:13] {"company_id":"139613","lastmodified":"2021-09-30 16:59:09","offset":0}
[2021-09-30 17:05:13] Sem artigos para atualizar desde 2021-09-30 16:59:09
[2021-09-30 17:09:14] A iniciar a sincronização de stocks automática...
[2021-09-30 17:09:14] A sincronizar artigos desde 2021-09-30 17:05:13
[2021-09-30 17:09:14] {"company_id":"139613","lastmodified":"2021-09-30 17:05:13","offset":0}
[2021-09-30 17:09:14] Sem artigos para atualizar desde 2021-09-30 17:05:13
[2021-09-30 17:15:18] A iniciar a sincronização de stocks automática...
[2021-09-30 17:15:18] A sincronizar artigos desde 2021-09-30 17:09:14
[2021-09-30 17:15:18] {"company_id":"139613","lastmodified":"2021-09-30 17:09:14","offset":0}
[2021-09-30 17:15:18] Sem artigos para atualizar desde 2021-09-30 17:09:14
[2021-09-30 17:19:19] A iniciar a sincronização de stocks automática...
[2021-09-30 17:19:19] A sincronizar artigos desde 2021-09-30 17:15:18
[2021-09-30 17:19:19] {"company_id":"139613","lastmodified":"2021-09-30 17:15:18","offset":0}
[2021-09-30 17:19:19] Sem artigos para atualizar desde 2021-09-30 17:15:18
[2021-09-30 17:25:24] A iniciar a sincronização de stocks automática...
[2021-09-30 17:25:24] A sincronizar artigos desde 2021-09-30 17:19:19
[2021-09-30 17:25:24] {"company_id":"139613","lastmodified":"2021-09-30 17:19:19","offset":0}
[2021-09-30 17:25:24] Sem artigos para atualizar desde 2021-09-30 17:19:19
[2021-09-30 17:49:09] A iniciar a sincronização de stocks automática...
[2021-09-30 17:49:09] A sincronizar artigos desde 2021-09-30 17:25:24
[2021-09-30 17:49:09] {"company_id":"139613","lastmodified":"2021-09-30 17:25:24","offset":0}
[2021-09-30 17:49:10] Sem artigos para atualizar desde 2021-09-30 17:25:24
[2021-09-30 17:54:48] A iniciar a sincronização de stocks automática...
[2021-09-30 17:54:48] A sincronizar artigos desde 2021-09-30 17:49:09
[2021-09-30 17:54:48] {"company_id":"139613","lastmodified":"2021-09-30 17:49:09","offset":0}
[2021-09-30 17:54:48] Sem artigos para atualizar desde 2021-09-30 17:49:09
[2021-09-30 18:00:07] A iniciar a sincronização de stocks automática...
[2021-09-30 18:00:07] A sincronizar artigos desde 2021-09-30 17:54:48
[2021-09-30 18:00:07] {"company_id":"139613","lastmodified":"2021-09-30 17:54:48","offset":0}
[2021-09-30 18:00:07] Sem artigos para atualizar desde 2021-09-30 17:54:48
[2021-09-30 18:03:43] A iniciar a sincronização de stocks automática...
[2021-09-30 18:03:43] A sincronizar artigos desde 2021-09-30 18:00:07
[2021-09-30 18:03:43] {"company_id":"139613","lastmodified":"2021-09-30 18:00:07","offset":0}
[2021-09-30 18:03:43] Sem artigos para atualizar desde 2021-09-30 18:00:07
[2021-09-30 18:09:36] A iniciar a sincronização de stocks automática...
[2021-09-30 18:09:36] A sincronizar artigos desde 2021-09-30 18:03:43
[2021-09-30 18:09:36] {"company_id":"139613","lastmodified":"2021-09-30 18:03:43","offset":0}
[2021-09-30 18:09:36] Sem artigos para atualizar desde 2021-09-30 18:03:43
[2021-09-30 18:15:34] A iniciar a sincronização de stocks automática...
[2021-09-30 18:15:34] A sincronizar artigos desde 2021-09-30 18:09:36
[2021-09-30 18:15:34] {"company_id":"139613","lastmodified":"2021-09-30 18:09:36","offset":0}
[2021-09-30 18:15:34] Sem artigos para atualizar desde 2021-09-30 18:09:36
[2021-09-30 18:19:15] A iniciar a sincronização de stocks automática...
[2021-09-30 18:19:15] A sincronizar artigos desde 2021-09-30 18:15:34
[2021-09-30 18:19:15] {"company_id":"139613","lastmodified":"2021-09-30 18:15:34","offset":0}
[2021-09-30 18:19:15] Sem artigos para atualizar desde 2021-09-30 18:15:34
[2021-09-30 18:24:14] A iniciar a sincronização de stocks automática...
[2021-09-30 18:24:14] A sincronizar artigos desde 2021-09-30 18:19:15
[2021-09-30 18:24:14] {"company_id":"139613","lastmodified":"2021-09-30 18:19:15","offset":0}
[2021-09-30 18:24:14] Sem artigos para atualizar desde 2021-09-30 18:19:15
[2021-09-30 18:28:57] A iniciar a sincronização de stocks automática...
[2021-09-30 18:28:57] A sincronizar artigos desde 2021-09-30 18:24:14
[2021-09-30 18:28:57] {"company_id":"139613","lastmodified":"2021-09-30 18:24:14","offset":0}
[2021-09-30 18:28:57] Sem artigos para atualizar desde 2021-09-30 18:24:14
[2021-09-30 18:34:28] A iniciar a sincronização de stocks automática...
[2021-09-30 18:34:28] A sincronizar artigos desde 2021-09-30 18:28:57
[2021-09-30 18:34:28] {"company_id":"139613","lastmodified":"2021-09-30 18:28:57","offset":0}
[2021-09-30 18:34:28] Sem artigos para atualizar desde 2021-09-30 18:28:57
[2021-09-30 18:38:51] A iniciar a sincronização de stocks automática...
[2021-09-30 18:38:51] A sincronizar artigos desde 2021-09-30 18:34:28
[2021-09-30 18:38:51] {"company_id":"139613","lastmodified":"2021-09-30 18:34:28","offset":0}
[2021-09-30 18:38:51] Sem artigos para atualizar desde 2021-09-30 18:34:28
[2021-09-30 18:51:31] A iniciar a sincronização de stocks automática...
[2021-09-30 18:51:31] A sincronizar artigos desde 2021-09-30 18:38:51
[2021-09-30 18:51:31] {"company_id":"139613","lastmodified":"2021-09-30 18:38:51","offset":0}
[2021-09-30 18:51:31] Sem artigos para atualizar desde 2021-09-30 18:38:51
[2021-09-30 19:11:12] A iniciar a sincronização de stocks automática...
[2021-09-30 19:11:12] A sincronizar artigos desde 2021-09-30 18:51:30
[2021-09-30 19:11:12] {"company_id":"139613","lastmodified":"2021-09-30 18:51:30","offset":0}
[2021-09-30 19:11:12] Sem artigos para atualizar desde 2021-09-30 18:51:30
[2021-09-30 19:22:50] A iniciar a sincronização de stocks automática...
[2021-09-30 19:22:50] A sincronizar artigos desde 2021-09-30 19:11:12
[2021-09-30 19:22:50] {"company_id":"139613","lastmodified":"2021-09-30 19:11:12","offset":0}
[2021-09-30 19:22:50] Sem artigos para atualizar desde 2021-09-30 19:11:12
[2021-09-30 20:09:59] A iniciar a sincronização de stocks automática...
[2021-09-30 20:09:59] A sincronizar artigos desde 2021-09-30 19:22:50
[2021-09-30 20:09:59] {"company_id":"139613","lastmodified":"2021-09-30 19:22:50","offset":0}
[2021-09-30 20:09:59] Sem artigos para atualizar desde 2021-09-30 19:22:50
[2021-09-30 20:24:02] A iniciar a sincronização de stocks automática...
[2021-09-30 20:24:02] A sincronizar artigos desde 2021-09-30 20:09:59
[2021-09-30 20:24:02] {"company_id":"139613","lastmodified":"2021-09-30 20:09:59","offset":0}
[2021-09-30 20:24:02] Sem artigos para atualizar desde 2021-09-30 20:09:59
[2021-09-30 21:14:55] A iniciar a sincronização de stocks automática...
[2021-09-30 21:14:55] A sincronizar artigos desde 2021-09-30 20:24:02
[2021-09-30 21:14:55] {"company_id":"139613","lastmodified":"2021-09-30 20:24:02","offset":0}
[2021-09-30 21:14:55] Sem artigos para atualizar desde 2021-09-30 20:24:02
[2021-09-30 21:44:07] A iniciar a sincronização de stocks automática...
[2021-09-30 21:44:07] A sincronizar artigos desde 2021-09-30 21:14:54
[2021-09-30 21:44:07] {"company_id":"139613","lastmodified":"2021-09-30 21:14:54","offset":0}
[2021-09-30 21:44:07] Sem artigos para atualizar desde 2021-09-30 21:14:54
[2021-09-30 22:51:08] A iniciar a sincronização de stocks automática...
[2021-09-30 22:51:08] A sincronizar artigos desde 2021-09-30 21:44:07
[2021-09-30 22:51:08] {"company_id":"139613","lastmodified":"2021-09-30 21:44:07","offset":0}
[2021-09-30 22:51:08] Sem artigos para atualizar desde 2021-09-30 21:44:07
